<?xml version="1.0" encoding="UTF-8"?>
<testng-results ignored="0" total="1" passed="1" failed="0" skipped="0">
  <reporter-output>
  </reporter-output>
  <suite started-at="2023-09-14T23:33:58 IST" name="Default suite" finished-at="2023-09-14T23:34:01 IST" duration-ms="3102">
    <groups>
    </groups>
    <test started-at="2023-09-14T23:33:58 IST" name="Default test" finished-at="2023-09-14T23:34:01 IST" duration-ms="3102">
      <class name="TestScripts.LoginTest">
        <test-method signature="loginTest()[pri:0, instance:TestScripts.LoginTest@47faa49c]" started-at="2023-09-14T23:33:58 IST" name="loginTest" finished-at="2023-09-14T23:34:01 IST" duration-ms="3077" status="PASS">
          <reporter-output>
          </reporter-output>
        </test-method> <!-- loginTest -->
      </class> <!-- TestScripts.LoginTest -->
    </test> <!-- Default test -->
  </suite> <!-- Default suite -->
</testng-results>
